
Okt. 08, 2021 12:15:35 PM de.dhbwheidenheim.informatik.callsim.controller.SessionHandler startCall
INFO: TestBanane started a call with Fabi
Okt. 08, 2021 12:15:35 PM de.dhbwheidenheim.informatik.callsim.controller.SessionHandler endCall
INFO: The call between TestBanane and Fabiended and the Server is available again
Okt. 08, 2021 12:15:37 PM de.dhbwheidenheim.informatik.callsim.controller.SessionHandler startCall
INFO: TestBanane started a call with Fabi
Okt. 08, 2021 12:15:38 PM de.dhbwheidenheim.informatik.callsim.controller.SessionHandler endCall
INFO: The call between Fabi and TestBananeended and the Server is available again
Okt. 08, 2021 12:15:38 PM de.dhbwheidenheim.informatik.callsim.controller.SessionHandler startCall
INFO: TestBanane started a call with Fabi
Okt. 08, 2021 12:15:39 PM de.dhbwheidenheim.informatik.callsim.controller.SessionHandler respondToCall
INFO: Fabi accepted the call from TestBanane
Okt. 08, 2021 12:15:43 PM de.dhbwheidenheim.informatik.callsim.controller.SessionHandler endCall
INFO: The call between TestBanane and Fabiended and the Server is available again
Okt. 08, 2021 12:16:59 PM de.dhbwheidenheim.informatik.callsim.controller.SessionHandler startCall
INFO: TestBanane started a call with Fabi
Okt. 08, 2021 12:17:00 PM de.dhbwheidenheim.informatik.callsim.controller.SessionHandler respondToCall
INFO: Fabi accepted the call from TestBanane
Okt. 08, 2021 12:17:40 PM de.dhbwheidenheim.informatik.callsim.controller.SessionHandler endCall
INFO: The call between TestBanane and Fabiended and the Server is available again
Okt. 08, 2021 12:17:42 PM de.dhbwheidenheim.informatik.callsim.controller.SessionHandler startCall
INFO: Fabia started a call with TestBanane
Okt. 08, 2021 12:17:44 PM de.dhbwheidenheim.informatik.callsim.controller.SessionHandler endCall
INFO: The call between TestBanane and Fabiaended and the Server is available again
Okt. 08, 2021 12:25:11 PM de.dhbwheidenheim.informatik.callsim.controller.SessionHandler startCall
INFO: Fabi started a call with TestBanane
Okt. 08, 2021 12:25:11 PM de.dhbwheidenheim.informatik.callsim.controller.SessionHandler endCall
INFO: The call between Fabi and TestBanane ended and the Server is available again
Okt. 08, 2021 12:25:14 PM de.dhbwheidenheim.informatik.callsim.controller.SessionHandler startCall
INFO: Fabi started a call with TestBanane
Okt. 08, 2021 12:25:15 PM de.dhbwheidenheim.informatik.callsim.controller.SessionHandler endCall
INFO: The call between TestBanane and Fabi ended and the Server is available again
Okt. 08, 2021 12:25:16 PM de.dhbwheidenheim.informatik.callsim.controller.SessionHandler startCall
INFO: Fabi started a call with TestBanane
Okt. 08, 2021 12:25:17 PM de.dhbwheidenheim.informatik.callsim.controller.SessionHandler respondToCall
INFO: TestBanane accepted the call from Fabi
Okt. 08, 2021 12:25:18 PM de.dhbwheidenheim.informatik.callsim.controller.SessionHandler endCall
INFO: The call between Fabi and TestBanane ended and the Server is available again
